This is pdfTeX, Version 3.14159265-2.6-1.40.21 (TeX Live 2020) (preloaded format=pdflatex 2021.3.4)  8 APR 2021 09:43
entering extended mode
 restricted \write18 enabled.
 file:line:error style messages enabled.
 %&-line parsing enabled.
**report_template.tex
(./report_template.tex
LaTeX2e <2020-02-02> patch level 5
L3 programming layer <2020-03-06> (./final_report.cls
Document Class: final_report 
(/usr/local/texlive/2020/texmf-dist/tex/latex/base/report.cls
Document Class: report 2019/12/20 v1.4l Standard LaTeX document class
(/usr/local/texlive/2020/texmf-dist/tex/latex/base/size11.clo
File: size11.clo 2019/12/20 v1.4l Standard LaTeX file (size option)
)
\c@part=\count167
\c@chapter=\count168
\c@section=\count169
\c@subsection=\count170
\c@subsubsection=\count171
\c@paragraph=\count172
\c@subparagraph=\count173
\c@figure=\count174
\c@table=\count175
\abovecaptionskip=\skip47
\belowcaptionskip=\skip48
\bibindent=\dimen134
)
(/usr/local/texlive/2020/texmf-dist/tex/latex/geometry/geometry.sty
Package: geometry 2020/01/02 v5.9 Page Geometry

(/usr/local/texlive/2020/texmf-dist/tex/latex/graphics/keyval.sty
Package: keyval 2014/10/28 v1.15 key=value parser (DPC)
\KV@toks@=\toks15
)
(/usr/local/texlive/2020/texmf-dist/tex/generic/iftex/ifvtex.sty
Package: ifvtex 2019/10/25 v1.7 ifvtex legacy package. Use iftex instead.

(/usr/local/texlive/2020/texmf-dist/tex/generic/iftex/iftex.sty
Package: iftex 2020/03/06 v1.0d TeX engine tests
))
\Gm@cnth=\count176
\Gm@cntv=\count177
\c@Gm@tempcnt=\count178
\Gm@bindingoffset=\dimen135
\Gm@wd@mp=\dimen136
\Gm@odd@mp=\dimen137
\Gm@even@mp=\dimen138
\Gm@layoutwidth=\dimen139
\Gm@layoutheight=\dimen140
\Gm@layouthoffset=\dimen141
\Gm@layoutvoffset=\dimen142
\Gm@dimlist=\toks16
)
(/usr/local/texlive/2020/texmf-dist/tex/latex/fancyhdr/fancyhdr.sty
Package: fancyhdr 2019/01/31 v3.10 Extensive control of page headers and footer
s
\f@nch@headwidth=\skip49
\f@nch@O@elh=\skip50
\f@nch@O@erh=\skip51
\f@nch@O@olh=\skip52
\f@nch@O@orh=\skip53
\f@nch@O@elf=\skip54
\f@nch@O@erf=\skip55
\f@nch@O@olf=\skip56
\f@nch@O@orf=\skip57
)
(/usr/local/texlive/2020/texmf-dist/tex/latex/tocloft/tocloft.sty
Package: tocloft 2017/08/31 v2.3i parameterised ToC, etc., typesetting
Package tocloft Info: The document has chapter divisions on input line 51.
\cftparskip=\skip58
\cftbeforetoctitleskip=\skip59
\cftaftertoctitleskip=\skip60
\cftbeforepartskip=\skip61
\cftpartnumwidth=\skip62
\cftpartindent=\skip63
\cftbeforechapskip=\skip64
\cftchapindent=\skip65
\cftchapnumwidth=\skip66
\cftbeforesecskip=\skip67
\cftsecindent=\skip68
\cftsecnumwidth=\skip69
\cftbeforesubsecskip=\skip70
\cftsubsecindent=\skip71
\cftsubsecnumwidth=\skip72
\cftbeforesubsubsecskip=\skip73
\cftsubsubsecindent=\skip74
\cftsubsubsecnumwidth=\skip75
\cftbeforeparaskip=\skip76
\cftparaindent=\skip77
\cftparanumwidth=\skip78
\cftbeforesubparaskip=\skip79
\cftsubparaindent=\skip80
\cftsubparanumwidth=\skip81
\cftbeforeloftitleskip=\skip82
\cftafterloftitleskip=\skip83
\cftbeforefigskip=\skip84
\cftfigindent=\skip85
\cftfignumwidth=\skip86
\c@lofdepth=\count179
\c@lotdepth=\count180
\cftbeforelottitleskip=\skip87
\cftafterlottitleskip=\skip88
\cftbeforetabskip=\skip89
\cfttabindent=\skip90
\cfttabnumwidth=\skip91
))
(/usr/local/texlive/2020/texmf-dist/tex/latex/graphics/graphicx.sty
Package: graphicx 2019/11/30 v1.2a Enhanced LaTeX Graphics (DPC,SPQR)

(/usr/local/texlive/2020/texmf-dist/tex/latex/graphics/graphics.sty
Package: graphics 2019/11/30 v1.4a Standard LaTeX Graphics (DPC,SPQR)

(/usr/local/texlive/2020/texmf-dist/tex/latex/graphics/trig.sty
Package: trig 2016/01/03 v1.10 sin cos tan (DPC)
)
(/usr/local/texlive/2020/texmf-dist/tex/latex/graphics-cfg/graphics.cfg
File: graphics.cfg 2016/06/04 v1.11 sample graphics configuration
)
Package graphics Info: Driver file: pdftex.def on input line 105.

(/usr/local/texlive/2020/texmf-dist/tex/latex/graphics-def/pdftex.def
File: pdftex.def 2018/01/08 v1.0l Graphics/color driver for pdftex
))
\Gin@req@height=\dimen143
\Gin@req@width=\dimen144
)
(/usr/local/texlive/2020/texmf-dist/tex/latex/hyperref/hyperref.sty
Package: hyperref 2020/01/14 v7.00d Hypertext links for LaTeX

(/usr/local/texlive/2020/texmf-dist/tex/generic/ltxcmds/ltxcmds.sty
Package: ltxcmds 2019/12/15 v1.24 LaTeX kernel commands for general use (HO)
)
(/usr/local/texlive/2020/texmf-dist/tex/latex/pdftexcmds/pdftexcmds.sty
Package: pdftexcmds 2019/11/24 v0.31 Utility functions of pdfTeX for LuaTeX (HO
)

(/usr/local/texlive/2020/texmf-dist/tex/generic/infwarerr/infwarerr.sty
Package: infwarerr 2019/12/03 v1.5 Providing info/warning/error messages (HO)
)
Package pdftexcmds Info: \pdf@primitive is available.
Package pdftexcmds Info: \pdf@ifprimitive is available.
Package pdftexcmds Info: \pdfdraftmode found.
)
(/usr/local/texlive/2020/texmf-dist/tex/generic/kvsetkeys/kvsetkeys.sty
Package: kvsetkeys 2019/12/15 v1.18 Key value parser (HO)
)
(/usr/local/texlive/2020/texmf-dist/tex/generic/kvdefinekeys/kvdefinekeys.sty
Package: kvdefinekeys 2019-12-19 v1.6 Define keys (HO)
)
(/usr/local/texlive/2020/texmf-dist/tex/generic/pdfescape/pdfescape.sty
Package: pdfescape 2019/12/09 v1.15 Implements pdfTeX's escape features (HO)
)
(/usr/local/texlive/2020/texmf-dist/tex/latex/hycolor/hycolor.sty
Package: hycolor 2020-01-27 v1.10 Color options for hyperref/bookmark (HO)
)
(/usr/local/texlive/2020/texmf-dist/tex/latex/letltxmacro/letltxmacro.sty
Package: letltxmacro 2019/12/03 v1.6 Let assignment for LaTeX macros (HO)
)
(/usr/local/texlive/2020/texmf-dist/tex/latex/auxhook/auxhook.sty
Package: auxhook 2019-12-17 v1.6 Hooks for auxiliary files (HO)
)
(/usr/local/texlive/2020/texmf-dist/tex/latex/kvoptions/kvoptions.sty
Package: kvoptions 2019/11/29 v3.13 Key value format for package options (HO)
)
\@linkdim=\dimen145
\Hy@linkcounter=\count181
\Hy@pagecounter=\count182

(/usr/local/texlive/2020/texmf-dist/tex/latex/hyperref/pd1enc.def
File: pd1enc.def 2020/01/14 v7.00d Hyperref: PDFDocEncoding definition (HO)
Now handling font encoding PD1 ...
... no UTF-8 mapping file for font encoding PD1
)
(/usr/local/texlive/2020/texmf-dist/tex/generic/intcalc/intcalc.sty
Package: intcalc 2019/12/15 v1.3 Expandable calculations with integers (HO)
)
(/usr/local/texlive/2020/texmf-dist/tex/generic/etexcmds/etexcmds.sty
Package: etexcmds 2019/12/15 v1.7 Avoid name clashes with e-TeX commands (HO)
)
\Hy@SavedSpaceFactor=\count183
Package hyperref Info: Hyper figures OFF on input line 4547.
Package hyperref Info: Link nesting OFF on input line 4552.
Package hyperref Info: Hyper index ON on input line 4555.
Package hyperref Info: Plain pages OFF on input line 4562.
Package hyperref Info: Backreferencing OFF on input line 4567.
Package hyperref Info: Implicit mode ON; LaTeX internals redefined.
Package hyperref Info: Bookmarks ON on input line 4800.
\c@Hy@tempcnt=\count184

(/usr/local/texlive/2020/texmf-dist/tex/latex/url/url.sty
\Urlmuskip=\muskip16
Package: url 2013/09/16  ver 3.4  Verb mode for urls, etc.
)
LaTeX Info: Redefining \url on input line 5159.
\XeTeXLinkMargin=\dimen146

(/usr/local/texlive/2020/texmf-dist/tex/generic/bitset/bitset.sty
Package: bitset 2019/12/09 v1.3 Handle bit-vector datatype (HO)

(/usr/local/texlive/2020/texmf-dist/tex/generic/bigintcalc/bigintcalc.sty
Package: bigintcalc 2019/12/15 v1.5 Expandable calculations on big integers (HO
)
))
\Fld@menulength=\count185
\Field@Width=\dimen147
\Fld@charsize=\dimen148
Package hyperref Info: Hyper figures OFF on input line 6430.
Package hyperref Info: Link nesting OFF on input line 6435.
Package hyperref Info: Hyper index ON on input line 6438.
Package hyperref Info: backreferencing OFF on input line 6445.
Package hyperref Info: Link coloring OFF on input line 6450.
Package hyperref Info: Link coloring with OCG OFF on input line 6455.
Package hyperref Info: PDF/A mode OFF on input line 6460.
LaTeX Info: Redefining \ref on input line 6500.
LaTeX Info: Redefining \pageref on input line 6504.

(/usr/local/texlive/2020/texmf-dist/tex/generic/atbegshi/atbegshi.sty
Package: atbegshi 2019/12/05 v1.19 At begin shipout hook (HO)
)
\Hy@abspage=\count186
\c@Item=\count187
\c@Hfootnote=\count188
)
Package hyperref Info: Driver (autodetected): hpdftex.

(/usr/local/texlive/2020/texmf-dist/tex/latex/hyperref/hpdftex.def
File: hpdftex.def 2020/01/14 v7.00d Hyperref driver for pdfTeX

(/usr/local/texlive/2020/texmf-dist/tex/latex/atveryend/atveryend.sty
Package: atveryend 2019-12-11 v1.11 Hooks at the very end of document (HO)
Package atveryend Info: \enddocument detected (standard20110627).
)
\Fld@listcount=\count189
\c@bookmark@seq@number=\count190

(/usr/local/texlive/2020/texmf-dist/tex/latex/rerunfilecheck/rerunfilecheck.sty
Package: rerunfilecheck 2019/12/05 v1.9 Rerun checks for auxiliary files (HO)

(/usr/local/texlive/2020/texmf-dist/tex/generic/uniquecounter/uniquecounter.sty
Package: uniquecounter 2019/12/15 v1.4 Provide unlimited unique counter (HO)
)
Package uniquecounter Info: New unique counter `rerunfilecheck' on input line 2
86.
)
\Hy@SectionHShift=\skip92
) (/usr/local/texlive/2020/texmf-dist/tex/latex/cite/cite.sty
LaTeX Info: Redefining \cite on input line 302.
LaTeX Info: Redefining \nocite on input line 332.
Package: cite 2015/02/27  v 5.5
)
(/usr/local/texlive/2020/texmf-dist/tex/latex/listings/listings.sty
\lst@mode=\count191
\lst@gtempboxa=\box45
\lst@token=\toks17
\lst@length=\count192
\lst@currlwidth=\dimen149
\lst@column=\count193
\lst@pos=\count194
\lst@lostspace=\dimen150
\lst@width=\dimen151
\lst@newlines=\count195
\lst@lineno=\count196
\lst@maxwidth=\dimen152

(/usr/local/texlive/2020/texmf-dist/tex/latex/listings/lstmisc.sty
File: lstmisc.sty 2020/03/24 1.8d (Carsten Heinz)
\c@lstnumber=\count197
\lst@skipnumbers=\count198
\lst@framebox=\box46
)
(/usr/local/texlive/2020/texmf-dist/tex/latex/listings/listings.cfg
File: listings.cfg 2020/03/24 1.8d listings configuration
))
Package: listings 2020/03/24 1.8d (Carsten Heinz)

(/usr/local/texlive/2020/texmf-dist/tex/latex/l3backend/l3backend-pdfmode.def
File: l3backend-pdfmode.def 2020-03-12 L3 backend support: PDF mode
\l__kernel_color_stack_int=\count199
\l__pdf_internal_box=\box47
)
(./report_template.aux)
\openout1 = `report_template.aux'.

LaTeX Font Info:    Checking defaults for OML/cmm/m/it on input line 19.
LaTeX Font Info:    ... okay on input line 19.
LaTeX Font Info:    Checking defaults for OMS/cmsy/m/n on input line 19.
LaTeX Font Info:    ... okay on input line 19.
LaTeX Font Info:    Checking defaults for OT1/cmr/m/n on input line 19.
LaTeX Font Info:    ... okay on input line 19.
LaTeX Font Info:    Checking defaults for T1/cmr/m/n on input line 19.
LaTeX Font Info:    ... okay on input line 19.
LaTeX Font Info:    Checking defaults for TS1/cmr/m/n on input line 19.
LaTeX Font Info:    ... okay on input line 19.
LaTeX Font Info:    Checking defaults for OMX/cmex/m/n on input line 19.
LaTeX Font Info:    ... okay on input line 19.
LaTeX Font Info:    Checking defaults for U/cmr/m/n on input line 19.
LaTeX Font Info:    ... okay on input line 19.
LaTeX Font Info:    Checking defaults for PD1/pdf/m/n on input line 19.
LaTeX Font Info:    ... okay on input line 19.

*geometry* detected driver: pdftex
*geometry* verbose mode - [ preamble ] result:
* driver: pdftex
* paper: custom
* layout: <same size as paper>
* layoutoffset:(h,v)=(0.0pt,0.0pt)
* modes: includehead 
* h-part:(L,W,R)=(85.35826pt, 441.01773pt, 71.13188pt)
* v-part:(T,H,B)=(0.0pt, 788.14125pt, 56.9055pt)
* \paperwidth=597.50787pt
* \paperheight=845.04675pt
* \textwidth=441.01773pt
* \textheight=720.46213pt
* \oddsidemargin=13.08827pt
* \evensidemargin=13.08827pt
* \topmargin=-72.26999pt
* \headheight=42.67912pt
* \headsep=25.0pt
* \topskip=11.0pt
* \footskip=30.0pt
* \marginparwidth=59.0pt
* \marginparsep=10.0pt
* \columnsep=10.0pt
* \skip\footins=10.0pt plus 4.0pt minus 2.0pt
* \hoffset=0.0pt
* \voffset=0.0pt
* \mag=1000
* \@twocolumnfalse
* \@twosidefalse
* \@mparswitchfalse
* \@reversemarginfalse
* (1in=72.27pt=25.4mm, 1cm=28.453pt)

(/usr/local/texlive/2020/texmf-dist/tex/context/base/mkii/supp-pdf.mkii
[Loading MPS to PDF converter (version 2006.09.02).]
\scratchcounter=\count266
\scratchdimen=\dimen153
\scratchbox=\box48
\nofMPsegments=\count267
\nofMParguments=\count268
\everyMPshowfont=\toks18
\MPscratchCnt=\count269
\MPscratchDim=\dimen154
\MPnumerator=\count270
\makeMPintoPDFobject=\count271
\everyMPtoPDFconversion=\toks19
) (/usr/local/texlive/2020/texmf-dist/tex/latex/epstopdf-pkg/epstopdf-base.sty
Package: epstopdf-base 2020-01-24 v2.11 Base part for package epstopdf
Package epstopdf-base Info: Redefining graphics rule for `.eps' on input line 4
85.

(/usr/local/texlive/2020/texmf-dist/tex/latex/latexconfig/epstopdf-sys.cfg
File: epstopdf-sys.cfg 2010/07/13 v1.3 Configuration of (r)epstopdf for TeX Liv
e
))
\AtBeginShipoutBox=\box49
Package hyperref Info: Link coloring OFF on input line 19.

(/usr/local/texlive/2020/texmf-dist/tex/latex/hyperref/nameref.sty
Package: nameref 2019/09/16 v2.46 Cross-referencing by name of section

(/usr/local/texlive/2020/texmf-dist/tex/latex/refcount/refcount.sty
Package: refcount 2019/12/15 v3.6 Data extraction from label references (HO)
)
(/usr/local/texlive/2020/texmf-dist/tex/generic/gettitlestring/gettitlestring.s
ty
Package: gettitlestring 2019/12/15 v1.6 Cleanup title references (HO)
)
\c@section@level=\count272
)
LaTeX Info: Redefining \ref on input line 19.
LaTeX Info: Redefining \pageref on input line 19.
LaTeX Info: Redefining \nameref on input line 19.
 (./report_template.out) (./report_template.out)
\@outlinefile=\write3
\openout3 = `report_template.out'.

\c@lstlisting=\count273
<logo.pdf, id=79, 948.54375pt x 473.77pt>
File: logo.pdf Graphic file (type pdf)
<use logo.pdf>
Package pdftex.def Info: logo.pdf  used on input line 22.
(pdftex.def)             Requested size: 227.85777pt x 113.81102pt.
 [0{/usr/local/texlive/2020/texmf-var/fonts/map/pdftex/updmap/pdftex.map}

 <./logo.pdf>]
<signature.png, id=98, 536.0025pt x 221.82875pt>
File: signature.png Graphic file (type png)
<use signature.png>
Package pdftex.def Info: signature.png  used on input line 46.
(pdftex.def)             Requested size: 113.81102pt x 47.0999pt.
 [1

 <./signature.png>] (./report_template.toc
LaTeX Font Info:    Calculating math sizes for size <11> on input line 1.


LaTeX Font Warning: Font shape `OT1/cmr/m/n' in size <5.5> not available
(Font)              size <5> substituted on input line 1.


LaTeX Font Warning: Font shape `OML/cmm/m/it' in size <5.5> not available
(Font)              size <5> substituted on input line 1.


LaTeX Font Warning: Font shape `OMS/cmsy/m/n' in size <5.5> not available
(Font)              size <5> substituted on input line 1.

LaTeX Font Info:    External font `cmex10' loaded for size
(Font)              <11> on input line 1.
LaTeX Font Info:    External font `cmex10' loaded for size
(Font)              <7.69997> on input line 1.
LaTeX Font Info:    External font `cmex10' loaded for size
(Font)              <5.5> on input line 1.
)
\tf@toc=\write4
\openout4 = `report_template.toc'.

 [2] [3

] [4

] [5] [6

] [7] [8] [9

]
<Smith2016_einstein.jpg, id=183, 710.655pt x 656.4525pt>
File: Smith2016_einstein.jpg Graphic file (type jpg)
<use Smith2016_einstein.jpg>
Package pdftex.def Info: Smith2016_einstein.jpg  used on input line 165.
(pdftex.def)             Requested size: 246.41241pt x 227.62204pt.
 [10 <./Smith2016_einstein.jpg>] [11] [12]
<TableA.png, id=225, 470.75874pt x 381.425pt>
File: TableA.png Graphic file (type png)
<use TableA.png>
Package pdftex.def Info: TableA.png  used on input line 203.
(pdftex.def)             Requested size: 280.93459pt x 227.62204pt.


LaTeX Warning: `!h' float specifier changed to `!ht'.

LaTeX Font Info:    External font `cmex10' loaded for size
(Font)              <9> on input line 213.
LaTeX Font Info:    External font `cmex10' loaded for size
(Font)              <6> on input line 213.
LaTeX Font Info:    External font `cmex10' loaded for size
(Font)              <5> on input line 213.

Underfull \hbox (badness 10000) in paragraph at lines 213--213
[][][][]$\OT1/cmtt/m/n/9 https : / / www . aliexpress . com / af / TRNG-[]noise
 . html$[] \OT1/cmr/m/n/9 and []$\OT1/cmtt/m/n/9 https : / / www . amazon . com
 /
 []

[13] [14 <./TableA.png>]
Underfull \hbox (badness 2261) in paragraph at lines 229--229
[]\OT1/cmr/m/n/10.95 Amplified semi-con-duc-
 []


Underfull \hbox (badness 10000) in paragraph at lines 231--231
[]\OT1/cmr/m/n/10.95 FIPS 140-2 /
 []


Underfull \hbox (badness 3108) in paragraph at lines 235--235
[]\OT1/cmr/m/n/10.95 Quantis QRNG PCIe
 []


Overfull \hbox (7.32083pt too wide) in paragraph at lines 221--238
[][] 
 []

[15] [16] [17] [18] [19] [20]
Underfull \hbox (badness 10000) in paragraph at lines 337--337
[]\OT1/cmr/m/n/10.95 Avalanche ef-fect in
 []

[21

] [22] [23]
<code_cutout_tkinter.png, id=356, 968.61874pt x 558.085pt>
File: code_cutout_tkinter.png Graphic file (type png)
<use code_cutout_tkinter.png>
Package pdftex.def Info: code_cutout_tkinter.png  used on input line 379.
(pdftex.def)             Requested size: 444.46153pt x 256.0748pt.

Overfull \hbox (3.4438pt too wide) in paragraph at lines 379--380
 [] 
 []

<UMLclass.png, id=357, 418.56375pt x 264.99pt>
File: UMLclass.png Graphic file (type png)
<use UMLclass.png>
Package pdftex.def Info: UMLclass.png  used on input line 387.
(pdftex.def)             Requested size: 179.76813pt x 113.81102pt.
[24 <./code_cutout_tkinter.png> <./UMLclass.png>]
<code_cutout_SmallCrush.png, id=367, 657.45625pt x 319.1925pt>
File: code_cutout_SmallCrush.png Graphic file (type png)
<use code_cutout_SmallCrush.png>
Package pdftex.def Info: code_cutout_SmallCrush.png  used on input line 401.
(pdftex.def)             Requested size: 468.84373pt x 227.62204pt.

Overfull \hbox (27.826pt too wide) in paragraph at lines 401--402
 [] 
 []

[25 <./code_cutout_SmallCrush.png>]
<code_cutout_ffb.png, id=375, 571.13374pt x 379.4175pt>
File: code_cutout_ffb.png Graphic file (type png)
<use code_cutout_ffb.png>
Package pdftex.def Info: code_cutout_ffb.png  used on input line 415.
(pdftex.def)             Requested size: 342.63931pt x 227.62204pt.
<code_cutout_run_tests.png, id=377, 893.3375pt x 734.745pt>
File: code_cutout_run_tests.png Graphic file (type png)
<use code_cutout_run_tests.png>
Package pdftex.def Info: code_cutout_run_tests.png  used on input line 429.
(pdftex.def)             Requested size: 415.13864pt x 341.43306pt.


LaTeX Warning: `!h' float specifier changed to `!ht'.

[26 <./code_cutout_ffb.png>] [27 <./code_cutout_run_tests.png>]

LaTeX Warning: Reference `fig:code_output_run_tests' on page 28 undefined on in
put line 443.

[28]
Underfull \hbox (badness 10000) in paragraph at lines 464--464
[]\OT1/cmr/m/n/10.95 TectroLabs
 []

<program_cutout_fail.png, id=397, 499.8675pt x 333.245pt>
File: program_cutout_fail.png Graphic file (type png)
<use program_cutout_fail.png>
Package pdftex.def Info: program_cutout_fail.png  used on input line 474.
(pdftex.def)             Requested size: 341.43849pt x 227.62204pt.

LaTeX Warning: `!h' float specifier changed to `!ht'.

<program_cutout_pass.png, id=398, 499.8675pt x 334.24875pt>
File: program_cutout_pass.png Graphic file (type png)
<use program_cutout_pass.png>
Package pdftex.def Info: program_cutout_pass.png  used on input line 482.
(pdftex.def)             Requested size: 340.41643pt x 227.62204pt.

LaTeX Warning: `!h' float specifier changed to `!ht'.

[29

] [30 <./program_cutout_fail.png> <./program_cutout_pass.png>] [31

] [32

]
[33] (./report_template.bbl
Underfull \hbox (badness 10000) in paragraph at lines 31--36
\OT1/cmtt/m/n/10.95 Downloads / DE / BSI / Zertifizierung / Interpretationen / 
AIS _ 20 _ AIS _ 31 _
 []

[34

]
Underfull \hbox (badness 10000) in paragraph at lines 143--148
[]\OT1/cmr/m/n/10.95 Bill Phelps.  \OT1/cmr/m/it/10.95 3 ways to pre-vent sup-p
ly chain at-tacks\OT1/cmr/m/n/10.95 , 2019 (ac-cessed
 []


Underfull \hbox (badness 10000) in paragraph at lines 143--148
\OT1/cmr/m/n/10.95 Novem-ber 20 2020).  []$\OT1/cmtt/m/n/10.95 https : / / www 
. boozallen . com / c / insight / blog /
 []

[35]) [36] (/usr/local/texlive/2020/texmf-dist/tex/latex/listings/lstlang1.sty
File: lstlang1.sty 2020/03/24 1.8d listings language file
) (/usr/local/texlive/2020/texmf-dist/tex/latex/listings/lstlang1.sty
File: lstlang1.sty 2020/03/24 1.8d listings language file
)
LaTeX Font Info:    Trying to load font information for OML+cmr on input line 5
97.

(/usr/local/texlive/2020/texmf-dist/tex/latex/base/omlcmr.fd
File: omlcmr.fd 2019/12/16 v2.5j Standard LaTeX font definitions
)
LaTeX Font Info:    Font shape `OML/cmr/m/n' in size <11> not available
(Font)              Font shape `OML/cmm/m/it' tried instead on input line 597.
LaTeX Font Info:    Trying to load font information for OMS+cmr on input line 6
05.

(/usr/local/texlive/2020/texmf-dist/tex/latex/base/omscmr.fd
File: omscmr.fd 2019/12/16 v2.5j Standard LaTeX font definitions
)
LaTeX Font Info:    Font shape `OMS/cmr/m/n' in size <11> not available
(Font)              Font shape `OMS/cmsy/m/n' tried instead on input line 605.

Overfull \hbox (18.88705pt too wide) in paragraph at lines 605--606
[][][][][][][][][][][][][][][][] 
 []


Overfull \hbox (18.88705pt too wide) in paragraph at lines 607--608
[][][][][][][][][][][][][][][][] 
 []

[37

]
Package atveryend Info: Empty hook `BeforeClearDocument' on input line 632.
 [38]
Package atveryend Info: Empty hook `AfterLastShipout' on input line 632.
 (./report_template.aux)
Package atveryend Info: Executing hook `AtVeryEndDocument' on input line 632.
Package atveryend Info: Executing hook `AtEndAfterFileList' on input line 632.
Package rerunfilecheck Info: File `report_template.out' has not changed.
(rerunfilecheck)             Checksum: EA9A0287427817F4B2F365BCB644CB49;1088.


LaTeX Font Warning: Size substitutions with differences
(Font)              up to 0.5pt have occurred.


LaTeX Warning: There were undefined references.

Package atveryend Info: Empty hook `AtVeryVeryEnd' on input line 632.
 ) 
Here is how much of TeX's memory you used:
 8257 strings out of 480608
 122779 string characters out of 5903631
 585403 words of memory out of 5000000
 23877 multiletter control sequences out of 15000+600000
 543148 words of font info for 60 fonts, out of 8000000 for 9000
 1141 hyphenation exceptions out of 8191
 38i,10n,51p,1151b,1363s stack positions out of 5000i,500n,10000p,200000b,80000s
{/usr/local/texlive/2020/texmf-dist/fonts/enc/dvips/cm-super/cm-super-ts1.enc
}</usr/local/texlive/2020/texmf-dist/fonts/type1/public/amsfonts/cm/cmbx10.pfb>
</usr/local/texlive/2020/texmf-dist/fonts/type1/public/amsfonts/cm/cmbx12.pfb><
/usr/local/texlive/2020/texmf-dist/fonts/type1/public/amsfonts/cm/cmbxti10.pfb>
</usr/local/texlive/2020/texmf-dist/fonts/type1/public/amsfonts/cm/cmmi10.pfb><
/usr/local/texlive/2020/texmf-dist/fonts/type1/public/amsfonts/cm/cmr10.pfb></u
sr/local/texlive/2020/texmf-dist/fonts/type1/public/amsfonts/cm/cmr6.pfb></usr/
local/texlive/2020/texmf-dist/fonts/type1/public/amsfonts/cm/cmr8.pfb></usr/loc
al/texlive/2020/texmf-dist/fonts/type1/public/amsfonts/cm/cmr9.pfb></usr/local/
texlive/2020/texmf-dist/fonts/type1/public/amsfonts/cm/cmss10.pfb></usr/local/t
exlive/2020/texmf-dist/fonts/type1/public/amsfonts/cm/cmss12.pfb></usr/local/te
xlive/2020/texmf-dist/fonts/type1/public/amsfonts/cm/cmss17.pfb></usr/local/tex
live/2020/texmf-dist/fonts/type1/public/amsfonts/cm/cmssbx10.pfb></usr/local/te
xlive/2020/texmf-dist/fonts/type1/public/amsfonts/cm/cmsy10.pfb></usr/local/tex
live/2020/texmf-dist/fonts/type1/public/amsfonts/cm/cmti10.pfb></usr/local/texl
ive/2020/texmf-dist/fonts/type1/public/amsfonts/cm/cmtt10.pfb></usr/local/texli
ve/2020/texmf-dist/fonts/type1/public/amsfonts/cm/cmtt9.pfb></usr/local/texlive
/2020/texmf-dist/fonts/type1/public/cm-super/sfrm1095.pfb>
Output written on report_template.pdf (39 pages, 1338930 bytes).
PDF statistics:
 593 PDF objects out of 1000 (max. 8388607)
 507 compressed objects within 6 object streams
 140 named destinations out of 1000 (max. 500000)
 208 words of extra memory for PDF output out of 10000 (max. 10000000)

